***********************************************************************
21:52:00
输出信息：错误信息
异常信息：
System.ArgumentNullException: 值不能为 null。
参数名: value
   在 Newtonsoft.Json.JsonConvert.DeserializeObject(String value, Type type, JsonSerializerSettings settings)
   在 Newtonsoft.Json.JsonConvert.DeserializeObject[T](String value, JsonSerializerSettings settings)
   在 Newtonsoft.Json.JsonConvert.DeserializeObject[T](String value)
   在 homeApi.Controllers.ExpressInfoController.<insertExpressInfo>d__1.MoveNext() 位置 D:\web_deployment\home\homeApi\homeApi\Controllers\ExpressInfoController.cs:行号 56
***********************************************************************
21:55:09
输出信息：错误信息
异常信息：
System.ArgumentNullException: 值不能为 null。
参数名: value
   在 Newtonsoft.Json.JsonConvert.DeserializeObject(String value, Type type, JsonSerializerSettings settings)
   在 Newtonsoft.Json.JsonConvert.DeserializeObject[T](String value, JsonSerializerSettings settings)
   在 Newtonsoft.Json.JsonConvert.DeserializeObject[T](String value)
   在 homeApi.Controllers.ExpressInfoController.<insertExpressInfo>d__1.MoveNext() 位置 D:\web_deployment\home\homeApi\homeApi\Controllers\ExpressInfoController.cs:行号 56
