***********************************************************************
21:13:14
输出信息：错误信息
异常信息：
System.ArgumentNullException: 值不能为 null。
参数名: address
   在 System.Net.Mail.MailAddress..ctor(String address, String displayName, Encoding displayNameEncoding)
   在 System.Net.Mail.MailAddress..ctor(String address)
   在 service.emailService.sendMailToUser(String emailAddress, String title, String text, String Imagefilename) 位置 D:\web_deployment\home\homeApi\service\Functions\EmailService.cs:行号 31
***********************************************************************
21:13:58
输出信息：错误信息
异常信息：
System.ArgumentNullException: 值不能为 null。
参数名: address
   在 System.Net.Mail.MailAddress..ctor(String address, String displayName, Encoding displayNameEncoding)
   在 System.Net.Mail.MailAddress..ctor(String address)
   在 service.emailService.sendMailToUser(String emailAddress, String title, String text, String Imagefilename) 位置 D:\web_deployment\home\homeApi\service\Functions\EmailService.cs:行号 31
***********************************************************************
21:14:23
输出信息：错误信息
异常信息：
System.ArgumentNullException: 值不能为 null。
参数名: address
   在 System.Net.Mail.MailAddress..ctor(String address, String displayName, Encoding displayNameEncoding)
   在 System.Net.Mail.MailAddress..ctor(String address)
   在 service.emailService.sendMailToUser(String emailAddress, String title, String text, String Imagefilename) 位置 D:\web_deployment\home\homeApi\service\Functions\EmailService.cs:行号 31
***********************************************************************
21:14:55
输出信息：错误信息
异常信息：
System.ArgumentNullException: 值不能为 null。
参数名: address
   在 System.Net.Mail.MailAddress..ctor(String address, String displayName, Encoding displayNameEncoding)
   在 System.Net.Mail.MailAddress..ctor(String address)
   在 service.emailService.sendMailToUser(String emailAddress, String title, String text, String Imagefilename) 位置 D:\web_deployment\home\homeApi\service\Functions\EmailService.cs:行号 31
***********************************************************************
21:20:28
输出信息：错误信息
异常信息：
System.ArgumentNullException: 值不能为 null。
参数名: value
   在 Newtonsoft.Json.JsonConvert.DeserializeObject(String value, Type type, JsonSerializerSettings settings)
   在 Newtonsoft.Json.JsonConvert.DeserializeObject[T](String value, JsonSerializerSettings settings)
   在 Newtonsoft.Json.JsonConvert.DeserializeObject[T](String value)
   在 homeApi.Controllers.ExpressInfoController.<insertExpressInfo>d__1.MoveNext() 位置 D:\web_deployment\home\homeApi\homeApi\Controllers\ExpressInfoController.cs:行号 56
